11:44:20.965 [main] INFO  p.d.schoolsystem.BackendApplication - Starting BackendApplication on LAPTOP-21MSVO32 with PID 768 (C:\Users\User\workspace\backend\target\classes started by User in C:\Users\User\workspace\backend) 
11:44:20.971 [main] DEBUG p.d.schoolsystem.BackendApplication - Running with Spring Boot v1.5.4.RELEASE, Spring v4.3.9.RELEASE 
11:44:20.972 [main] INFO  p.d.schoolsystem.BackendApplication - No active profile set, falling back to default profiles: default 
11:44:24.931 [localhost-startStop-1] DEBUG p.d.s.service.jwt.JWTLoginFilter - Initializing filter 'jwtLoginFilter' 
11:44:24.932 [localhost-startStop-1] DEBUG p.d.s.service.jwt.JWTLoginFilter - Filter 'jwtLoginFilter' configured successfully 
11:45:12.057 [main] INFO  p.d.schoolsystem.BackendApplication - Starting BackendApplication on LAPTOP-21MSVO32 with PID 7688 (C:\Users\User\workspace\backend\target\classes started by User in C:\Users\User\workspace\backend) 
11:45:12.059 [main] DEBUG p.d.schoolsystem.BackendApplication - Running with Spring Boot v1.5.4.RELEASE, Spring v4.3.9.RELEASE 
11:45:12.059 [main] INFO  p.d.schoolsystem.BackendApplication - No active profile set, falling back to default profiles: default 
11:45:15.173 [localhost-startStop-1] DEBUG p.d.s.service.jwt.JWTLoginFilter - Initializing filter 'jwtLoginFilter' 
11:45:15.173 [localhost-startStop-1] DEBUG p.d.s.service.jwt.JWTLoginFilter - Filter 'jwtLoginFilter' configured successfully 
11:45:16.170 [main] INFO  p.d.schoolsystem.BackendApplication - Started BackendApplication in 4.264 seconds (JVM running for 4.88) 
11:45:23.371 [http-nio-8080-exec-1] DEBUG p.d.s.service.jwt.JWTLoginFilter - Request is to process authentication 
11:45:23.372 [http-nio-8080-exec-1] DEBUG p.d.s.service.jwt.JWTLoginFilter - Jestem w JwtLogginFilter.attemptAuthentication ------------------------------------- 
11:45:23.988 [http-nio-8080-exec-1] INFO  p.d.s.service.jwt.JWTLoginFilter - Jestem w JWTLogginFilter.successfulAuthentication --------------------------------------  
11:45:23.989 [http-nio-8080-exec-1] INFO  p.d.s.service.jwt.JWTLoginFilter - authResult.getName(): admin 
11:48:13.710 [http-nio-8080-exec-3] DEBUG p.d.s.controller.TestController - JWTAuthenticationFilter.doFilterr ----------------------------------------------- 
11:48:13.751 [http-nio-8080-exec-3] DEBUG p.d.s.controller.RoleManagement - URL: /role/all (GET) 
12:16:40.167 [main] INFO  p.d.schoolsystem.BackendApplication - Starting BackendApplication on LAPTOP-21MSVO32 with PID 11380 (C:\Users\User\workspace\backend\target\classes started by User in C:\Users\User\workspace\backend) 
12:16:40.167 [main] DEBUG p.d.schoolsystem.BackendApplication - Running with Spring Boot v1.5.4.RELEASE, Spring v4.3.9.RELEASE 
12:16:40.167 [main] INFO  p.d.schoolsystem.BackendApplication - No active profile set, falling back to default profiles: default 
12:16:43.138 [localhost-startStop-1] DEBUG p.d.s.service.jwt.JWTLoginFilter - Initializing filter 'jwtLoginFilter' 
12:16:43.138 [localhost-startStop-1] DEBUG p.d.s.service.jwt.JWTLoginFilter - Filter 'jwtLoginFilter' configured successfully 
12:16:44.037 [main] INFO  p.d.schoolsystem.BackendApplication - Started BackendApplication in 4.011 seconds (JVM running for 4.62) 
12:18:51.791 [http-nio-8080-exec-1] DEBUG p.d.s.service.jwt.JWTLoginFilter - Request is to process authentication 
12:18:51.791 [http-nio-8080-exec-1] DEBUG p.d.s.service.jwt.JWTLoginFilter - Jestem w JwtLogginFilter.attemptAuthentication ------------------------------------- 
12:18:52.324 [http-nio-8080-exec-1] INFO  p.d.s.service.jwt.JWTLoginFilter - Jestem w JWTLogginFilter.successfulAuthentication --------------------------------------  
12:18:52.324 [http-nio-8080-exec-1] INFO  p.d.s.service.jwt.JWTLoginFilter - authResult.getName(): admin 
12:19:03.893 [http-nio-8080-exec-2] DEBUG p.d.s.controller.TestController - JWTAuthenticationFilter.doFilterr ----------------------------------------------- 
12:19:03.930 [http-nio-8080-exec-2] DEBUG p.d.s.controller.RoleManagement - URL: /role/all (GET) 
12:25:56.739 [http-nio-8080-exec-4] DEBUG p.d.s.controller.TestController - JWTAuthenticationFilter.doFilterr ----------------------------------------------- 
12:25:56.784 [http-nio-8080-exec-4] DEBUG p.d.s.controller.UserManagment - URL: /user/add  
12:25:56.800 [http-nio-8080-exec-4] DEBUG p.d.s.service.UserService - UserName already exists 
12:25:56.800 [http-nio-8080-exec-4] DEBUG p.d.s.controller.UserManagment - Username already exists. 
12:25:58.907 [http-nio-8080-exec-3] DEBUG p.d.s.controller.TestController - JWTAuthenticationFilter.doFilterr ----------------------------------------------- 
12:25:58.908 [http-nio-8080-exec-3] DEBUG p.d.s.controller.UserManagment - URL: /user/add  
12:25:58.912 [http-nio-8080-exec-3] DEBUG p.d.s.service.UserService - UserName already exists 
12:25:58.912 [http-nio-8080-exec-3] DEBUG p.d.s.controller.UserManagment - Username already exists. 
12:26:01.530 [http-nio-8080-exec-5] DEBUG p.d.s.controller.TestController - JWTAuthenticationFilter.doFilterr ----------------------------------------------- 
12:26:01.531 [http-nio-8080-exec-5] DEBUG p.d.s.controller.UserManagment - URL: /user/add  
12:26:01.547 [http-nio-8080-exec-5] DEBUG p.d.s.service.UserService - UserName already exists 
12:26:01.547 [http-nio-8080-exec-5] DEBUG p.d.s.controller.UserManagment - Username already exists. 
12:26:08.897 [http-nio-8080-exec-6] DEBUG p.d.s.controller.TestController - JWTAuthenticationFilter.doFilterr ----------------------------------------------- 
12:26:08.898 [http-nio-8080-exec-6] DEBUG p.d.s.controller.UserManagment - URL: /user/add  
12:26:08.906 [http-nio-8080-exec-6] DEBUG p.d.s.service.UserService - UserName already exists 
12:26:08.906 [http-nio-8080-exec-6] DEBUG p.d.s.controller.UserManagment - Username already exists. 
12:26:14.694 [http-nio-8080-exec-7] DEBUG p.d.s.controller.TestController - JWTAuthenticationFilter.doFilterr ----------------------------------------------- 
12:26:14.695 [http-nio-8080-exec-7] DEBUG p.d.s.controller.UserManagment - URL: /user/add  
12:26:14.711 [http-nio-8080-exec-7] DEBUG p.d.s.service.UserService - UserName already exists 
12:26:14.711 [http-nio-8080-exec-7] DEBUG p.d.s.controller.UserManagment - Username already exists. 
12:26:20.381 [http-nio-8080-exec-8] DEBUG p.d.s.controller.TestController - JWTAuthenticationFilter.doFilterr ----------------------------------------------- 
12:26:20.382 [http-nio-8080-exec-8] DEBUG p.d.s.controller.UserManagment - URL: /user/add  
12:26:20.386 [http-nio-8080-exec-8] DEBUG p.d.s.service.UserService - UserName already exists 
12:26:20.390 [http-nio-8080-exec-8] DEBUG p.d.s.controller.UserManagment - Username already exists. 
12:26:30.596 [http-nio-8080-exec-9] DEBUG p.d.s.controller.TestController - JWTAuthenticationFilter.doFilterr ----------------------------------------------- 
12:26:30.597 [http-nio-8080-exec-9] DEBUG p.d.s.controller.UserManagment - URL: /user/add  
12:34:21.355 [http-nio-8080-exec-10] DEBUG p.d.s.controller.TestController - JWTAuthenticationFilter.doFilterr ----------------------------------------------- 
12:34:21.360 [http-nio-8080-exec-10] DEBUG p.d.s.controller.RoleManagement - URL: /role/all (GET) 
12:34:24.281 [http-nio-8080-exec-1] DEBUG p.d.s.controller.TestController - JWTAuthenticationFilter.doFilterr ----------------------------------------------- 
12:34:24.284 [http-nio-8080-exec-1] DEBUG p.d.s.controller.RoleManagement - URL: /role/all (GET) 
12:49:49.156 [main] INFO  p.d.schoolsystem.BackendApplication - Starting BackendApplication on LAPTOP-21MSVO32 with PID 8088 (C:\Users\User\workspace\backend\target\classes started by User in C:\Users\User\workspace\backend) 
12:49:49.156 [main] DEBUG p.d.schoolsystem.BackendApplication - Running with Spring Boot v1.5.4.RELEASE, Spring v4.3.9.RELEASE 
12:49:49.156 [main] INFO  p.d.schoolsystem.BackendApplication - No active profile set, falling back to default profiles: default 
12:49:52.188 [localhost-startStop-1] DEBUG p.d.s.service.jwt.JWTLoginFilter - Initializing filter 'jwtLoginFilter' 
12:49:52.188 [localhost-startStop-1] DEBUG p.d.s.service.jwt.JWTLoginFilter - Filter 'jwtLoginFilter' configured successfully 
12:49:53.173 [main] INFO  p.d.schoolsystem.BackendApplication - Started BackendApplication in 4.182 seconds (JVM running for 4.839) 
12:51:00.078 [http-nio-8080-exec-1] DEBUG p.d.s.controller.TestController - JWTAuthenticationFilter.doFilterr ----------------------------------------------- 
12:51:22.197 [http-nio-8080-exec-2] DEBUG p.d.s.service.jwt.JWTLoginFilter - Request is to process authentication 
12:51:22.197 [http-nio-8080-exec-2] DEBUG p.d.s.service.jwt.JWTLoginFilter - Jestem w JwtLogginFilter.attemptAuthentication ------------------------------------- 
12:51:22.701 [http-nio-8080-exec-2] INFO  p.d.s.service.jwt.JWTLoginFilter - Jestem w JWTLogginFilter.successfulAuthentication --------------------------------------  
12:51:22.701 [http-nio-8080-exec-2] INFO  p.d.s.service.jwt.JWTLoginFilter - authResult.getName(): student 
12:55:07.632 [http-nio-8080-exec-3] DEBUG p.d.s.controller.TestController - JWTAuthenticationFilter.doFilterr ----------------------------------------------- 
13:04:14.481 [http-nio-8080-exec-4] DEBUG p.d.s.controller.TestController - JWTAuthenticationFilter.doFilterr ----------------------------------------------- 
13:07:04.336 [http-nio-8080-exec-5] DEBUG p.d.s.controller.TestController - JWTAuthenticationFilter.doFilterr ----------------------------------------------- 
13:07:06.586 [http-nio-8080-exec-6] DEBUG p.d.s.controller.TestController - JWTAuthenticationFilter.doFilterr ----------------------------------------------- 
13:07:06.941 [http-nio-8080-exec-7] DEBUG p.d.s.controller.TestController - JWTAuthenticationFilter.doFilterr ----------------------------------------------- 
13:09:04.362 [http-nio-8080-exec-8] DEBUG p.d.s.controller.TestController - JWTAuthenticationFilter.doFilterr ----------------------------------------------- 
13:09:41.520 [http-nio-8080-exec-9] DEBUG p.d.s.controller.TestController - JWTAuthenticationFilter.doFilterr ----------------------------------------------- 
13:18:57.466 [http-nio-8080-exec-10] DEBUG p.d.s.controller.TestController - JWTAuthenticationFilter.doFilterr ----------------------------------------------- 
13:25:00.729 [http-nio-8080-exec-1] DEBUG p.d.s.controller.TestController - JWTAuthenticationFilter.doFilterr ----------------------------------------------- 
13:27:55.089 [http-nio-8080-exec-2] DEBUG p.d.s.controller.TestController - JWTAuthenticationFilter.doFilterr ----------------------------------------------- 
13:30:21.245 [http-nio-8080-exec-3] DEBUG p.d.s.controller.TestController - JWTAuthenticationFilter.doFilterr ----------------------------------------------- 
13:40:03.518 [http-nio-8080-exec-4] DEBUG p.d.s.controller.TestController - JWTAuthenticationFilter.doFilterr ----------------------------------------------- 
13:41:24.125 [http-nio-8080-exec-5] DEBUG p.d.s.controller.TestController - JWTAuthenticationFilter.doFilterr ----------------------------------------------- 
13:41:28.543 [http-nio-8080-exec-6] DEBUG p.d.s.controller.TestController - JWTAuthenticationFilter.doFilterr ----------------------------------------------- 
13:49:48.005 [main] INFO  p.d.schoolsystem.BackendApplication - Starting BackendApplication on LAPTOP-21MSVO32 with PID 11092 (C:\Users\User\workspace\backend\target\classes started by User in C:\Users\User\workspace\backend) 
13:49:48.021 [main] DEBUG p.d.schoolsystem.BackendApplication - Running with Spring Boot v1.5.4.RELEASE, Spring v4.3.9.RELEASE 
13:49:48.021 [main] INFO  p.d.schoolsystem.BackendApplication - No active profile set, falling back to default profiles: default 
13:49:51.283 [localhost-startStop-1] DEBUG p.d.s.service.jwt.JWTLoginFilter - Initializing filter 'jwtLoginFilter' 
13:49:51.283 [localhost-startStop-1] DEBUG p.d.s.service.jwt.JWTLoginFilter - Filter 'jwtLoginFilter' configured successfully 
13:49:52.456 [main] INFO  p.d.schoolsystem.BackendApplication - Started BackendApplication in 4.594 seconds (JVM running for 5.427) 
13:51:26.383 [http-nio-8080-exec-1] DEBUG p.d.s.controller.TestController - JWTAuthenticationFilter.doFilterr ----------------------------------------------- 
13:54:18.529 [http-nio-8080-exec-2] DEBUG p.d.s.controller.TestController - JWTAuthenticationFilter.doFilterr ----------------------------------------------- 
13:55:04.731 [http-nio-8080-exec-3] DEBUG p.d.s.service.jwt.JWTLoginFilter - Request is to process authentication 
13:55:04.733 [http-nio-8080-exec-3] DEBUG p.d.s.service.jwt.JWTLoginFilter - Jestem w JwtLogginFilter.attemptAuthentication ------------------------------------- 
13:55:05.288 [http-nio-8080-exec-3] INFO  p.d.s.service.jwt.JWTLoginFilter - authResult.getName(): admin 
13:55:08.367 [http-nio-8080-exec-4] DEBUG p.d.s.controller.TestController - JWTAuthenticationFilter.doFilterr ----------------------------------------------- 
13:55:08.389 [http-nio-8080-exec-4] DEBUG p.d.s.controller.RoleManagement - URL: /role/all (GET) 
13:55:31.703 [http-nio-8080-exec-5] DEBUG p.d.s.controller.TestController - JWTAuthenticationFilter.doFilterr ----------------------------------------------- 
13:57:31.250 [http-nio-8080-exec-6] DEBUG p.d.s.controller.TestController - JWTAuthenticationFilter.doFilterr ----------------------------------------------- 
14:26:48.009 [http-nio-8080-exec-7] DEBUG p.d.s.service.jwt.JWTLoginFilter - Request is to process authentication 
14:26:48.010 [http-nio-8080-exec-7] DEBUG p.d.s.service.jwt.JWTLoginFilter - Jestem w JwtLogginFilter.attemptAuthentication ------------------------------------- 
14:26:48.407 [http-nio-8080-exec-7] INFO  p.d.s.service.jwt.JWTLoginFilter - authResult.getName(): admin 
14:28:56.955 [http-nio-8080-exec-8] DEBUG p.d.s.service.jwt.JWTLoginFilter - Request is to process authentication 
14:28:56.956 [http-nio-8080-exec-8] DEBUG p.d.s.service.jwt.JWTLoginFilter - Jestem w JwtLogginFilter.attemptAuthentication ------------------------------------- 
14:28:57.310 [http-nio-8080-exec-8] INFO  p.d.s.service.jwt.JWTLoginFilter - authResult.getName(): admin 
